<?xml version="1.0" encoding="UTF-8"?>
<testsuite xmlns:xsi="http://www.w3.org/2001/XMLSchema-instance" xsi:noNamespaceSchemaLocation="https://maven.apache.org/surefire/maven-surefire-plugin/xsd/surefire-test-report.xsd" name="com.mybank.dao.insurance.InsuranceDaoApplicationTests" time="7.384" tests="4" errors="0" skipped="0" failures="3">
  <properties>
    <property name="sun.desktop" value="windows"/>
    <property name="awt.toolkit" value="sun.awt.windows.WToolkit"/>
    <property name="file.encoding.pkg" value="sun.io"/>
    <property name="java.specification.version" value="1.8"/>
    <property name="sun.cpu.isalist" value="amd64"/>
    <property name="sun.jnu.encoding" value="Cp1252"/>
    <property name="java.class.path" value="C:\DLTE-JavaFullStack-Divija-2024\DLTE-FinalProject\InsuranceDao\target\test-classes;C:\DLTE-JavaFullStack-Divija-2024\DLTE-FinalProject\InsuranceDao\target\classes;c:\tools\maven_repo\repository\org\springframework\boot\spring-boot-starter-validation\2.7.10\spring-boot-starter-validation-2.7.10.jar;c:\tools\maven_repo\repository\org\springframework\boot\spring-boot-starter\2.7.10\spring-boot-starter-2.7.10.jar;c:\tools\maven_repo\repository\org\springframework\boot\spring-boot-starter-logging\2.7.10\spring-boot-starter-logging-2.7.10.jar;c:\tools\maven_repo\repository\ch\qos\logback\logback-classic\1.2.11\logback-classic-1.2.11.jar;c:\tools\maven_repo\repository\ch\qos\logback\logback-core\1.2.11\logback-core-1.2.11.jar;c:\tools\maven_repo\repository\org\apache\logging\log4j\log4j-to-slf4j\2.17.2\log4j-to-slf4j-2.17.2.jar;c:\tools\maven_repo\repository\org\apache\logging\log4j\log4j-api\2.17.2\log4j-api-2.17.2.jar;c:\tools\maven_repo\repository\org\slf4j\jul-to-slf4j\1.7.36\jul-to-slf4j-1.7.36.jar;c:\tools\maven_repo\repository\org\yaml\snakeyaml\1.30\snakeyaml-1.30.jar;c:\tools\maven_repo\repository\org\apache\tomcat\embed\tomcat-embed-el\9.0.73\tomcat-embed-el-9.0.73.jar;c:\tools\maven_repo\repository\org\hibernate\validator\hibernate-validator\6.2.5.Final\hibernate-validator-6.2.5.Final.jar;c:\tools\maven_repo\repository\jakarta\validation\jakarta.validation-api\2.0.2\jakarta.validation-api-2.0.2.jar;c:\tools\maven_repo\repository\org\jboss\logging\jboss-logging\3.4.3.Final\jboss-logging-3.4.3.Final.jar;c:\tools\maven_repo\repository\com\fasterxml\classmate\1.5.1\classmate-1.5.1.jar;c:\tools\maven_repo\repository\org\springframework\boot\spring-boot-starter-web-services\2.7.10\spring-boot-starter-web-services-2.7.10.jar;c:\tools\maven_repo\repository\org\springframework\boot\spring-boot-starter-web\2.7.10\spring-boot-starter-web-2.7.10.jar;c:\tools\maven_repo\repository\org\springframework\boot\spring-boot-starter-json\2.7.10\spring-boot-starter-json-2.7.10.jar;c:\tools\maven_repo\repository\com\fasterxml\jackson\core\jackson-databind\2.13.5\jackson-databind-2.13.5.jar;c:\tools\maven_repo\repository\com\fasterxml\jackson\core\jackson-annotations\2.13.5\jackson-annotations-2.13.5.jar;c:\tools\maven_repo\repository\com\fasterxml\jackson\core\jackson-core\2.13.5\jackson-core-2.13.5.jar;c:\tools\maven_repo\repository\com\fasterxml\jackson\datatype\jackson-datatype-jdk8\2.13.5\jackson-datatype-jdk8-2.13.5.jar;c:\tools\maven_repo\repository\com\fasterxml\jackson\datatype\jackson-datatype-jsr310\2.13.5\jackson-datatype-jsr310-2.13.5.jar;c:\tools\maven_repo\repository\com\fasterxml\jackson\module\jackson-module-parameter-names\2.13.5\jackson-module-parameter-names-2.13.5.jar;c:\tools\maven_repo\repository\org\springframework\spring-web\5.3.26\spring-web-5.3.26.jar;c:\tools\maven_repo\repository\org\springframework\spring-webmvc\5.3.26\spring-webmvc-5.3.26.jar;c:\tools\maven_repo\repository\org\springframework\spring-expression\5.3.26\spring-expression-5.3.26.jar;c:\tools\maven_repo\repository\com\sun\xml\messaging\saaj\saaj-impl\1.5.3\saaj-impl-1.5.3.jar;c:\tools\maven_repo\repository\jakarta\xml\soap\jakarta.xml.soap-api\1.4.2\jakarta.xml.soap-api-1.4.2.jar;c:\tools\maven_repo\repository\org\jvnet\staxex\stax-ex\1.8.3\stax-ex-1.8.3.jar;c:\tools\maven_repo\repository\com\sun\activation\jakarta.activation\1.2.2\jakarta.activation-1.2.2.jar;c:\tools\maven_repo\repository\jakarta\xml\ws\jakarta.xml.ws-api\2.3.3\jakarta.xml.ws-api-2.3.3.jar;c:\tools\maven_repo\repository\jakarta\jws\jakarta.jws-api\2.1.0\jakarta.jws-api-2.1.0.jar;c:\tools\maven_repo\repository\org\springframework\spring-oxm\5.3.26\spring-oxm-5.3.26.jar;c:\tools\maven_repo\repository\org\springframework\spring-beans\5.3.26\spring-beans-5.3.26.jar;c:\tools\maven_repo\repository\org\springframework\ws\spring-ws-core\3.1.5\spring-ws-core-3.1.5.jar;c:\tools\maven_repo\repository\org\springframework\ws\spring-xml\3.1.5\spring-xml-3.1.5.jar;c:\tools\maven_repo\repository\org\springframework\spring-aop\5.3.26\spring-aop-5.3.26.jar;c:\tools\maven_repo\repository\wsdl4j\wsdl4j\1.6.3\wsdl4j-1.6.3.jar;c:\tools\maven_repo\repository\javax\xml\bind\jaxb-api\2.3.1\jaxb-api-2.3.1.jar;c:\tools\maven_repo\repository\javax\activation\javax.activation-api\1.2.0\javax.activation-api-1.2.0.jar;c:\tools\maven_repo\repository\org\springframework\boot\spring-boot-devtools\2.7.10\spring-boot-devtools-2.7.10.jar;c:\tools\maven_repo\repository\org\springframework\boot\spring-boot\2.7.10\spring-boot-2.7.10.jar;c:\tools\maven_repo\repository\org\springframework\spring-context\5.3.26\spring-context-5.3.26.jar;c:\tools\maven_repo\repository\org\springframework\boot\spring-boot-autoconfigure\2.7.10\spring-boot-autoconfigure-2.7.10.jar;c:\tools\maven_repo\repository\com\oracle\database\jdbc\ojdbc8\19.3.0.0\ojdbc8-19.3.0.0.jar;c:\tools\maven_repo\repository\com\oracle\database\jdbc\ucp\21.5.0.0\ucp-21.5.0.0.jar;c:\tools\maven_repo\repository\com\oracle\database\security\oraclepki\21.5.0.0\oraclepki-21.5.0.0.jar;c:\tools\maven_repo\repository\com\oracle\database\security\osdt_cert\21.5.0.0\osdt_cert-21.5.0.0.jar;c:\tools\maven_repo\repository\com\oracle\database\security\osdt_core\21.5.0.0\osdt_core-21.5.0.0.jar;c:\tools\maven_repo\repository\com\oracle\database\ha\simplefan\21.5.0.0\simplefan-21.5.0.0.jar;c:\tools\maven_repo\repository\com\oracle\database\ha\ons\21.5.0.0\ons-21.5.0.0.jar;c:\tools\maven_repo\repository\com\oracle\database\jdbc\ojdbc6\11.2.0.4\ojdbc6-11.2.0.4.jar;c:\tools\maven_repo\repository\org\springframework\boot\spring-boot-starter-tomcat\2.7.10\spring-boot-starter-tomcat-2.7.10.jar;c:\tools\maven_repo\repository\jakarta\annotation\jakarta.annotation-api\1.3.5\jakarta.annotation-api-1.3.5.jar;c:\tools\maven_repo\repository\org\apache\tomcat\embed\tomcat-embed-core\9.0.73\tomcat-embed-core-9.0.73.jar;c:\tools\maven_repo\repository\org\apache\tomcat\embed\tomcat-embed-websocket\9.0.73\tomcat-embed-websocket-9.0.73.jar;c:\tools\maven_repo\repository\org\springframework\boot\spring-boot-starter-test\2.7.10\spring-boot-starter-test-2.7.10.jar;c:\tools\maven_repo\repository\org\springframework\boot\spring-boot-test\2.7.10\spring-boot-test-2.7.10.jar;c:\tools\maven_repo\repository\org\springframework\boot\spring-boot-test-autoconfigure\2.7.10\spring-boot-test-autoconfigure-2.7.10.jar;c:\tools\maven_repo\repository\com\jayway\jsonpath\json-path\2.7.0\json-path-2.7.0.jar;c:\tools\maven_repo\repository\net\minidev\json-smart\2.4.10\json-smart-2.4.10.jar;c:\tools\maven_repo\repository\net\minidev\accessors-smart\2.4.9\accessors-smart-2.4.9.jar;c:\tools\maven_repo\repository\org\ow2\asm\asm\9.3\asm-9.3.jar;c:\tools\maven_repo\repository\org\slf4j\slf4j-api\1.7.36\slf4j-api-1.7.36.jar;c:\tools\maven_repo\repository\jakarta\xml\bind\jakarta.xml.bind-api\2.3.3\jakarta.xml.bind-api-2.3.3.jar;c:\tools\maven_repo\repository\jakarta\activation\jakarta.activation-api\1.2.2\jakarta.activation-api-1.2.2.jar;c:\tools\maven_repo\repository\org\assertj\assertj-core\3.22.0\assertj-core-3.22.0.jar;c:\tools\maven_repo\repository\org\hamcrest\hamcrest\2.2\hamcrest-2.2.jar;c:\tools\maven_repo\repository\org\junit\jupiter\junit-jupiter\5.8.2\junit-jupiter-5.8.2.jar;c:\tools\maven_repo\repository\org\junit\jupiter\junit-jupiter-api\5.8.2\junit-jupiter-api-5.8.2.jar;c:\tools\maven_repo\repository\org\opentest4j\opentest4j\1.2.0\opentest4j-1.2.0.jar;c:\tools\maven_repo\repository\org\junit\platform\junit-platform-commons\1.8.2\junit-platform-commons-1.8.2.jar;c:\tools\maven_repo\repository\org\apiguardian\apiguardian-api\1.1.2\apiguardian-api-1.1.2.jar;c:\tools\maven_repo\repository\org\junit\jupiter\junit-jupiter-params\5.8.2\junit-jupiter-params-5.8.2.jar;c:\tools\maven_repo\repository\org\junit\jupiter\junit-jupiter-engine\5.8.2\junit-jupiter-engine-5.8.2.jar;c:\tools\maven_repo\repository\org\junit\platform\junit-platform-engine\1.8.2\junit-platform-engine-1.8.2.jar;c:\tools\maven_repo\repository\org\mockito\mockito-core\4.5.1\mockito-core-4.5.1.jar;c:\tools\maven_repo\repository\net\bytebuddy\byte-buddy\1.12.23\byte-buddy-1.12.23.jar;c:\tools\maven_repo\repository\net\bytebuddy\byte-buddy-agent\1.12.23\byte-buddy-agent-1.12.23.jar;c:\tools\maven_repo\repository\org\objenesis\objenesis\3.2\objenesis-3.2.jar;c:\tools\maven_repo\repository\org\mockito\mockito-junit-jupiter\4.5.1\mockito-junit-jupiter-4.5.1.jar;c:\tools\maven_repo\repository\org\skyscreamer\jsonassert\1.5.1\jsonassert-1.5.1.jar;c:\tools\maven_repo\repository\com\vaadin\external\google\android-json\0.0.20131108.vaadin1\android-json-0.0.20131108.vaadin1.jar;c:\tools\maven_repo\repository\org\springframework\spring-core\5.3.26\spring-core-5.3.26.jar;c:\tools\maven_repo\repository\org\springframework\spring-jcl\5.3.26\spring-jcl-5.3.26.jar;c:\tools\maven_repo\repository\org\springframework\spring-test\5.3.26\spring-test-5.3.26.jar;c:\tools\maven_repo\repository\org\xmlunit\xmlunit-core\2.9.1\xmlunit-core-2.9.1.jar;c:\tools\maven_repo\repository\org\springframework\boot\spring-boot-starter-jdbc\2.7.10\spring-boot-starter-jdbc-2.7.10.jar;c:\tools\maven_repo\repository\com\zaxxer\HikariCP\4.0.3\HikariCP-4.0.3.jar;c:\tools\maven_repo\repository\org\springframework\spring-jdbc\5.3.26\spring-jdbc-5.3.26.jar;c:\tools\maven_repo\repository\org\springframework\spring-tx\5.3.26\spring-tx-5.3.26.jar;"/>
    <property name="java.vm.vendor" value="Red Hat, Inc."/>
    <property name="sun.arch.data.model" value="64"/>
    <property name="user.variant" value=""/>
    <property name="java.vendor.url" value="https://developers.redhat.com/"/>
    <property name="user.timezone" value="Asia/Calcutta"/>
    <property name="java.vm.specification.version" value="1.8"/>
    <property name="os.name" value="Windows 10"/>
    <property name="user.country" value="US"/>
    <property name="sun.java.launcher" value="SUN_STANDARD"/>
    <property name="sun.boot.library.path" value="C:\Program Files\RedHat\java-1.8.0-openjdk-1.8.0.292-2\jre\bin"/>
    <property name="sun.java.command" value="C:\Users\xxnlnnnd\AppData\Local\Temp\surefire7938680948292441476\surefirebooter4812976144309662929.jar C:\Users\xxnlnnnd\AppData\Local\Temp\surefire7938680948292441476 2024-04-14T19-32-13_792-jvmRun1 surefire6360597634215950579tmp surefire_08498187793397350103tmp"/>
    <property name="surefire.test.class.path" value="C:\DLTE-JavaFullStack-Divija-2024\DLTE-FinalProject\InsuranceDao\target\test-classes;C:\DLTE-JavaFullStack-Divija-2024\DLTE-FinalProject\InsuranceDao\target\classes;c:\tools\maven_repo\repository\org\springframework\boot\spring-boot-starter-validation\2.7.10\spring-boot-starter-validation-2.7.10.jar;c:\tools\maven_repo\repository\org\springframework\boot\spring-boot-starter\2.7.10\spring-boot-starter-2.7.10.jar;c:\tools\maven_repo\repository\org\springframework\boot\spring-boot-starter-logging\2.7.10\spring-boot-starter-logging-2.7.10.jar;c:\tools\maven_repo\repository\ch\qos\logback\logback-classic\1.2.11\logback-classic-1.2.11.jar;c:\tools\maven_repo\repository\ch\qos\logback\logback-core\1.2.11\logback-core-1.2.11.jar;c:\tools\maven_repo\repository\org\apache\logging\log4j\log4j-to-slf4j\2.17.2\log4j-to-slf4j-2.17.2.jar;c:\tools\maven_repo\repository\org\apache\logging\log4j\log4j-api\2.17.2\log4j-api-2.17.2.jar;c:\tools\maven_repo\repository\org\slf4j\jul-to-slf4j\1.7.36\jul-to-slf4j-1.7.36.jar;c:\tools\maven_repo\repository\org\yaml\snakeyaml\1.30\snakeyaml-1.30.jar;c:\tools\maven_repo\repository\org\apache\tomcat\embed\tomcat-embed-el\9.0.73\tomcat-embed-el-9.0.73.jar;c:\tools\maven_repo\repository\org\hibernate\validator\hibernate-validator\6.2.5.Final\hibernate-validator-6.2.5.Final.jar;c:\tools\maven_repo\repository\jakarta\validation\jakarta.validation-api\2.0.2\jakarta.validation-api-2.0.2.jar;c:\tools\maven_repo\repository\org\jboss\logging\jboss-logging\3.4.3.Final\jboss-logging-3.4.3.Final.jar;c:\tools\maven_repo\repository\com\fasterxml\classmate\1.5.1\classmate-1.5.1.jar;c:\tools\maven_repo\repository\org\springframework\boot\spring-boot-starter-web-services\2.7.10\spring-boot-starter-web-services-2.7.10.jar;c:\tools\maven_repo\repository\org\springframework\boot\spring-boot-starter-web\2.7.10\spring-boot-starter-web-2.7.10.jar;c:\tools\maven_repo\repository\org\springframework\boot\spring-boot-starter-json\2.7.10\spring-boot-starter-json-2.7.10.jar;c:\tools\maven_repo\repository\com\fasterxml\jackson\core\jackson-databind\2.13.5\jackson-databind-2.13.5.jar;c:\tools\maven_repo\repository\com\fasterxml\jackson\core\jackson-annotations\2.13.5\jackson-annotations-2.13.5.jar;c:\tools\maven_repo\repository\com\fasterxml\jackson\core\jackson-core\2.13.5\jackson-core-2.13.5.jar;c:\tools\maven_repo\repository\com\fasterxml\jackson\datatype\jackson-datatype-jdk8\2.13.5\jackson-datatype-jdk8-2.13.5.jar;c:\tools\maven_repo\repository\com\fasterxml\jackson\datatype\jackson-datatype-jsr310\2.13.5\jackson-datatype-jsr310-2.13.5.jar;c:\tools\maven_repo\repository\com\fasterxml\jackson\module\jackson-module-parameter-names\2.13.5\jackson-module-parameter-names-2.13.5.jar;c:\tools\maven_repo\repository\org\springframework\spring-web\5.3.26\spring-web-5.3.26.jar;c:\tools\maven_repo\repository\org\springframework\spring-webmvc\5.3.26\spring-webmvc-5.3.26.jar;c:\tools\maven_repo\repository\org\springframework\spring-expression\5.3.26\spring-expression-5.3.26.jar;c:\tools\maven_repo\repository\com\sun\xml\messaging\saaj\saaj-impl\1.5.3\saaj-impl-1.5.3.jar;c:\tools\maven_repo\repository\jakarta\xml\soap\jakarta.xml.soap-api\1.4.2\jakarta.xml.soap-api-1.4.2.jar;c:\tools\maven_repo\repository\org\jvnet\staxex\stax-ex\1.8.3\stax-ex-1.8.3.jar;c:\tools\maven_repo\repository\com\sun\activation\jakarta.activation\1.2.2\jakarta.activation-1.2.2.jar;c:\tools\maven_repo\repository\jakarta\xml\ws\jakarta.xml.ws-api\2.3.3\jakarta.xml.ws-api-2.3.3.jar;c:\tools\maven_repo\repository\jakarta\jws\jakarta.jws-api\2.1.0\jakarta.jws-api-2.1.0.jar;c:\tools\maven_repo\repository\org\springframework\spring-oxm\5.3.26\spring-oxm-5.3.26.jar;c:\tools\maven_repo\repository\org\springframework\spring-beans\5.3.26\spring-beans-5.3.26.jar;c:\tools\maven_repo\repository\org\springframework\ws\spring-ws-core\3.1.5\spring-ws-core-3.1.5.jar;c:\tools\maven_repo\repository\org\springframework\ws\spring-xml\3.1.5\spring-xml-3.1.5.jar;c:\tools\maven_repo\repository\org\springframework\spring-aop\5.3.26\spring-aop-5.3.26.jar;c:\tools\maven_repo\repository\wsdl4j\wsdl4j\1.6.3\wsdl4j-1.6.3.jar;c:\tools\maven_repo\repository\javax\xml\bind\jaxb-api\2.3.1\jaxb-api-2.3.1.jar;c:\tools\maven_repo\repository\javax\activation\javax.activation-api\1.2.0\javax.activation-api-1.2.0.jar;c:\tools\maven_repo\repository\org\springframework\boot\spring-boot-devtools\2.7.10\spring-boot-devtools-2.7.10.jar;c:\tools\maven_repo\repository\org\springframework\boot\spring-boot\2.7.10\spring-boot-2.7.10.jar;c:\tools\maven_repo\repository\org\springframework\spring-context\5.3.26\spring-context-5.3.26.jar;c:\tools\maven_repo\repository\org\springframework\boot\spring-boot-autoconfigure\2.7.10\spring-boot-autoconfigure-2.7.10.jar;c:\tools\maven_repo\repository\com\oracle\database\jdbc\ojdbc8\19.3.0.0\ojdbc8-19.3.0.0.jar;c:\tools\maven_repo\repository\com\oracle\database\jdbc\ucp\21.5.0.0\ucp-21.5.0.0.jar;c:\tools\maven_repo\repository\com\oracle\database\security\oraclepki\21.5.0.0\oraclepki-21.5.0.0.jar;c:\tools\maven_repo\repository\com\oracle\database\security\osdt_cert\21.5.0.0\osdt_cert-21.5.0.0.jar;c:\tools\maven_repo\repository\com\oracle\database\security\osdt_core\21.5.0.0\osdt_core-21.5.0.0.jar;c:\tools\maven_repo\repository\com\oracle\database\ha\simplefan\21.5.0.0\simplefan-21.5.0.0.jar;c:\tools\maven_repo\repository\com\oracle\database\ha\ons\21.5.0.0\ons-21.5.0.0.jar;c:\tools\maven_repo\repository\com\oracle\database\jdbc\ojdbc6\11.2.0.4\ojdbc6-11.2.0.4.jar;c:\tools\maven_repo\repository\org\springframework\boot\spring-boot-starter-tomcat\2.7.10\spring-boot-starter-tomcat-2.7.10.jar;c:\tools\maven_repo\repository\jakarta\annotation\jakarta.annotation-api\1.3.5\jakarta.annotation-api-1.3.5.jar;c:\tools\maven_repo\repository\org\apache\tomcat\embed\tomcat-embed-core\9.0.73\tomcat-embed-core-9.0.73.jar;c:\tools\maven_repo\repository\org\apache\tomcat\embed\tomcat-embed-websocket\9.0.73\tomcat-embed-websocket-9.0.73.jar;c:\tools\maven_repo\repository\org\springframework\boot\spring-boot-starter-test\2.7.10\spring-boot-starter-test-2.7.10.jar;c:\tools\maven_repo\repository\org\springframework\boot\spring-boot-test\2.7.10\spring-boot-test-2.7.10.jar;c:\tools\maven_repo\repository\org\springframework\boot\spring-boot-test-autoconfigure\2.7.10\spring-boot-test-autoconfigure-2.7.10.jar;c:\tools\maven_repo\repository\com\jayway\jsonpath\json-path\2.7.0\json-path-2.7.0.jar;c:\tools\maven_repo\repository\net\minidev\json-smart\2.4.10\json-smart-2.4.10.jar;c:\tools\maven_repo\repository\net\minidev\accessors-smart\2.4.9\accessors-smart-2.4.9.jar;c:\tools\maven_repo\repository\org\ow2\asm\asm\9.3\asm-9.3.jar;c:\tools\maven_repo\repository\org\slf4j\slf4j-api\1.7.36\slf4j-api-1.7.36.jar;c:\tools\maven_repo\repository\jakarta\xml\bind\jakarta.xml.bind-api\2.3.3\jakarta.xml.bind-api-2.3.3.jar;c:\tools\maven_repo\repository\jakarta\activation\jakarta.activation-api\1.2.2\jakarta.activation-api-1.2.2.jar;c:\tools\maven_repo\repository\org\assertj\assertj-core\3.22.0\assertj-core-3.22.0.jar;c:\tools\maven_repo\repository\org\hamcrest\hamcrest\2.2\hamcrest-2.2.jar;c:\tools\maven_repo\repository\org\junit\jupiter\junit-jupiter\5.8.2\junit-jupiter-5.8.2.jar;c:\tools\maven_repo\repository\org\junit\jupiter\junit-jupiter-api\5.8.2\junit-jupiter-api-5.8.2.jar;c:\tools\maven_repo\repository\org\opentest4j\opentest4j\1.2.0\opentest4j-1.2.0.jar;c:\tools\maven_repo\repository\org\junit\platform\junit-platform-commons\1.8.2\junit-platform-commons-1.8.2.jar;c:\tools\maven_repo\repository\org\apiguardian\apiguardian-api\1.1.2\apiguardian-api-1.1.2.jar;c:\tools\maven_repo\repository\org\junit\jupiter\junit-jupiter-params\5.8.2\junit-jupiter-params-5.8.2.jar;c:\tools\maven_repo\repository\org\junit\jupiter\junit-jupiter-engine\5.8.2\junit-jupiter-engine-5.8.2.jar;c:\tools\maven_repo\repository\org\junit\platform\junit-platform-engine\1.8.2\junit-platform-engine-1.8.2.jar;c:\tools\maven_repo\repository\org\mockito\mockito-core\4.5.1\mockito-core-4.5.1.jar;c:\tools\maven_repo\repository\net\bytebuddy\byte-buddy\1.12.23\byte-buddy-1.12.23.jar;c:\tools\maven_repo\repository\net\bytebuddy\byte-buddy-agent\1.12.23\byte-buddy-agent-1.12.23.jar;c:\tools\maven_repo\repository\org\objenesis\objenesis\3.2\objenesis-3.2.jar;c:\tools\maven_repo\repository\org\mockito\mockito-junit-jupiter\4.5.1\mockito-junit-jupiter-4.5.1.jar;c:\tools\maven_repo\repository\org\skyscreamer\jsonassert\1.5.1\jsonassert-1.5.1.jar;c:\tools\maven_repo\repository\com\vaadin\external\google\android-json\0.0.20131108.vaadin1\android-json-0.0.20131108.vaadin1.jar;c:\tools\maven_repo\repository\org\springframework\spring-core\5.3.26\spring-core-5.3.26.jar;c:\tools\maven_repo\repository\org\springframework\spring-jcl\5.3.26\spring-jcl-5.3.26.jar;c:\tools\maven_repo\repository\org\springframework\spring-test\5.3.26\spring-test-5.3.26.jar;c:\tools\maven_repo\repository\org\xmlunit\xmlunit-core\2.9.1\xmlunit-core-2.9.1.jar;c:\tools\maven_repo\repository\org\springframework\boot\spring-boot-starter-jdbc\2.7.10\spring-boot-starter-jdbc-2.7.10.jar;c:\tools\maven_repo\repository\com\zaxxer\HikariCP\4.0.3\HikariCP-4.0.3.jar;c:\tools\maven_repo\repository\org\springframework\spring-jdbc\5.3.26\spring-jdbc-5.3.26.jar;c:\tools\maven_repo\repository\org\springframework\spring-tx\5.3.26\spring-tx-5.3.26.jar;"/>
    <property name="sun.cpu.endian" value="little"/>
    <property name="user.home" value="C:\Users\xxnlnnnd"/>
    <property name="user.language" value="en"/>
    <property name="java.specification.vendor" value="Oracle Corporation"/>
    <property name="java.home" value="C:\Program Files\RedHat\java-1.8.0-openjdk-1.8.0.292-2\jre"/>
    <property name="basedir" value="C:\DLTE-JavaFullStack-Divija-2024\DLTE-FinalProject\InsuranceDao"/>
    <property name="file.separator" value="\"/>
    <property name="line.separator" value="&#10;"/>
    <property name="java.vm.specification.vendor" value="Oracle Corporation"/>
    <property name="java.specification.name" value="Java Platform API Specification"/>
    <property name="java.awt.graphicsenv" value="sun.awt.Win32GraphicsEnvironment"/>
    <property name="surefire.real.class.path" value="C:\Users\xxnlnnnd\AppData\Local\Temp\surefire7938680948292441476\surefirebooter4812976144309662929.jar"/>
    <property name="sun.boot.class.path" value="C:\Program Files\RedHat\java-1.8.0-openjdk-1.8.0.292-2\jre\lib\resources.jar;C:\Program Files\RedHat\java-1.8.0-openjdk-1.8.0.292-2\jre\lib\rt.jar;C:\Program Files\RedHat\java-1.8.0-openjdk-1.8.0.292-2\jre\lib\sunrsasign.jar;C:\Program Files\RedHat\java-1.8.0-openjdk-1.8.0.292-2\jre\lib\jsse.jar;C:\Program Files\RedHat\java-1.8.0-openjdk-1.8.0.292-2\jre\lib\jce.jar;C:\Program Files\RedHat\java-1.8.0-openjdk-1.8.0.292-2\jre\lib\charsets.jar;C:\Program Files\RedHat\java-1.8.0-openjdk-1.8.0.292-2\jre\lib\jfr.jar;C:\Program Files\RedHat\java-1.8.0-openjdk-1.8.0.292-2\jre\classes"/>
    <property name="user.script" value=""/>
    <property name="sun.management.compiler" value="HotSpot 64-Bit Tiered Compilers"/>
    <property name="java.runtime.version" value="1.8.0_292-b10"/>
    <property name="user.name" value="xxnlnnnd"/>
    <property name="path.separator" value=";"/>
    <property name="os.version" value="10.0"/>
    <property name="java.endorsed.dirs" value="C:\Program Files\RedHat\java-1.8.0-openjdk-1.8.0.292-2\jre\lib\endorsed"/>
    <property name="java.runtime.name" value="OpenJDK Runtime Environment"/>
    <property name="file.encoding" value="Cp1252"/>
    <property name="java.vm.name" value="OpenJDK 64-Bit Server VM"/>
    <property name="localRepository" value="c:\tools\maven_repo\repository"/>
    <property name="java.vendor.url.bug" value="https://bugzilla.redhat.com/enter_bug.cgi"/>
    <property name="java.io.tmpdir" value="C:\Users\xxnlnnnd\AppData\Local\Temp\"/>
    <property name="java.version" value="1.8.0_292"/>
    <property name="user.dir" value="C:\DLTE-JavaFullStack-Divija-2024\DLTE-FinalProject\InsuranceDao"/>
    <property name="os.arch" value="amd64"/>
    <property name="java.vm.specification.name" value="Java Virtual Machine Specification"/>
    <property name="java.awt.printerjob" value="sun.awt.windows.WPrinterJob"/>
    <property name="sun.os.patch.level" value=""/>
    <property name="java.library.path" value="C:\Program Files\RedHat\java-1.8.0-openjdk-1.8.0.292-2\jre\bin;C:\Windows\Sun\Java\bin;C:\Windows\system32;C:\Windows;C:\oraclexe\app\oracle\product\11.2.0\server\bin;C:\Windows\system32;C:\Windows;C:\Windows\System32\Wbem;C:\Windows\System32\WindowsPowerShell\v1.0\;C:\Windows\System32\OpenSSH\;C:\Program Files\RedHat\java-1.8.0-openjdk-1.8.0.292-2\bin;C:\Program Files\RedHat\java-1.8.0-openjdk-1.8.0.292-2\jre\bin;C:\Program Files\RedHat\java-1.8.0-openjdk-1.8.0.292-2\bin;C:\Maven\apache-maven-3.3.9\bin;C:\Program Files\Git\cmd;C:\Users\xxnlnnnd\AppData\Local\Microsoft\WindowsApps;;C:\Program Files\JetBrains\IntelliJ IDEA 2019.3.1\bin;;C:\Users\xxnlnnnd\AppData\Local\Programs\Microsoft VS Code\bin;."/>
    <property name="java.vm.info" value="mixed mode"/>
    <property name="java.vendor" value="Red Hat, Inc."/>
    <property name="java.vm.version" value="25.292-b10"/>
    <property name="java.ext.dirs" value="C:\Program Files\RedHat\java-1.8.0-openjdk-1.8.0.292-2\jre\lib\ext;C:\Windows\Sun\Java\lib\ext"/>
    <property name="sun.io.unicode.encoding" value="UnicodeLittle"/>
    <property name="java.class.version" value="52.0"/>
  </properties>
  <testcase name="callAllInsuranceAvailable_NoDataFound" classname="com.mybank.dao.insurance.InsuranceDaoApplicationTests" time="0.184">
    <failure message="Unexpected exception type thrown ==&gt; expected: &lt;com.mybank.dao.insurance.exceptions.InsuranceAvailableException&gt; but was: &lt;com.mybank.dao.insurance.exceptions.NoDataFoundException&gt;" type="org.opentest4j.AssertionFailedError"><![CDATA[org.opentest4j.AssertionFailedError: Unexpected exception type thrown ==> expected: <com.mybank.dao.insurance.exceptions.InsuranceAvailableException> but was: <com.mybank.dao.insurance.exceptions.NoDataFoundException>
	at com.mybank.dao.insurance.InsuranceDaoApplicationTests.callAllInsuranceAvailable_NoDataFound(InsuranceDaoApplicationTests.java:88)
Caused by: com.mybank.dao.insurance.exceptions.NoDataFoundException: Requested data not found
	at com.mybank.dao.insurance.InsuranceDaoApplicationTests.lambda$callAllInsuranceAvailable_NoDataFound$0(InsuranceDaoApplicationTests.java:88)
	at com.mybank.dao.insurance.InsuranceDaoApplicationTests.callAllInsuranceAvailable_NoDataFound(InsuranceDaoApplicationTests.java:88)
]]></failure>
    <system-out><![CDATA[19:32:14.871 [main] DEBUG org.springframework.test.context.BootstrapUtils - Instantiating CacheAwareContextLoaderDelegate from class [org.springframework.test.context.cache.DefaultCacheAwareContextLoaderDelegate]
19:32:14.902 [main] DEBUG org.springframework.test.context.BootstrapUtils - Instantiating BootstrapContext using constructor [public org.springframework.test.context.support.DefaultBootstrapContext(java.lang.Class,org.springframework.test.context.CacheAwareContextLoaderDelegate)]
19:32:14.984 [main] DEBUG org.springframework.test.context.BootstrapUtils - Instantiating TestContextBootstrapper for test class [com.mybank.dao.insurance.InsuranceDaoApplicationTests] from class [org.springframework.boot.test.context.SpringBootTestContextBootstrapper]
19:32:15.045 [main] INFO org.springframework.boot.test.context.SpringBootTestContextBootstrapper - Neither @ContextConfiguration nor @ContextHierarchy found for test class [com.mybank.dao.insurance.InsuranceDaoApplicationTests], using SpringBootContextLoader
19:32:15.063 [main] DEBUG org.springframework.test.context.support.AbstractContextLoader - Did not detect default resource location for test class [com.mybank.dao.insurance.InsuranceDaoApplicationTests]: class path resource [com/mybank/dao/insurance/InsuranceDaoApplicationTests-context.xml] does not exist
19:32:15.063 [main] DEBUG org.springframework.test.context.support.AbstractContextLoader - Did not detect default resource location for test class [com.mybank.dao.insurance.InsuranceDaoApplicationTests]: class path resource [com/mybank/dao/insurance/InsuranceDaoApplicationTestsContext.groovy] does not exist
19:32:15.063 [main] INFO org.springframework.test.context.support.AbstractContextLoader - Could not detect default resource locations for test class [com.mybank.dao.insurance.InsuranceDaoApplicationTests]: no resource found for suffixes {-context.xml, Context.groovy}.
19:32:15.063 [main] INFO org.springframework.test.context.support.AnnotationConfigContextLoaderUtils - Could not detect default configuration classes for test class [com.mybank.dao.insurance.InsuranceDaoApplicationTests]: InsuranceDaoApplicationTests does not declare any static, non-private, non-final, nested classes annotated with @Configuration.
19:32:15.139 [main] DEBUG org.springframework.test.context.support.ActiveProfilesUtils - Could not find an 'annotation declaring class' for annotation type [org.springframework.test.context.ActiveProfiles] and class [com.mybank.dao.insurance.InsuranceDaoApplicationTests]
19:32:15.234 [main] DEBUG org.springframework.context.annotation.ClassPathScanningCandidateComponentProvider - Identified candidate component class: file [C:\DLTE-JavaFullStack-Divija-2024\DLTE-FinalProject\InsuranceDao\target\classes\com\mybank\dao\insurance\InsuranceDaoApplication.class]
19:32:15.234 [main] INFO org.springframework.boot.test.context.SpringBootTestContextBootstrapper - Found @SpringBootConfiguration com.mybank.dao.insurance.InsuranceDaoApplication for test class com.mybank.dao.insurance.InsuranceDaoApplicationTests
19:32:15.409 [main] DEBUG org.springframework.boot.test.context.SpringBootTestContextBootstrapper - @TestExecutionListeners is not present for class [com.mybank.dao.insurance.InsuranceDaoApplicationTests]: using defaults.
19:32:15.420 [main] INFO org.springframework.boot.test.context.SpringBootTestContextBootstrapper - Loaded default TestExecutionListener class names from location [META-INF/spring.factories]: [org.springframework.boot.test.mock.mockito.MockitoTestExecutionListener, org.springframework.boot.test.mock.mockito.ResetMocksTestExecutionListener, org.springframework.boot.test.autoconfigure.restdocs.RestDocsTestExecutionListener, org.springframework.boot.test.autoconfigure.web.client.MockRestServiceServerResetTestExecutionListener, org.springframework.boot.test.autoconfigure.web.servlet.MockMvcPrintOnlyOnFailureTestExecutionListener, org.springframework.boot.test.autoconfigure.web.servlet.WebDriverTestExecutionListener, org.springframework.boot.test.autoconfigure.webservices.client.MockWebServiceServerTestExecutionListener, org.springframework.test.context.web.ServletTestExecutionListener, org.springframework.test.context.support.DirtiesContextBeforeModesTestExecutionListener, org.springframework.test.context.event.ApplicationEventsTestExecutionListener, org.springframework.test.context.support.DependencyInjectionTestExecutionListener, org.springframework.test.context.support.DirtiesContextTestExecutionListener, org.springframework.test.context.transaction.TransactionalTestExecutionListener, org.springframework.test.context.jdbc.SqlScriptsTestExecutionListener, org.springframework.test.context.event.EventPublishingTestExecutionListener]
19:32:15.462 [main] INFO org.springframework.boot.test.context.SpringBootTestContextBootstrapper - Using TestExecutionListeners: [org.springframework.test.context.web.ServletTestExecutionListener@6f10d5b6, org.springframework.test.context.support.DirtiesContextBeforeModesTestExecutionListener@1040be71, org.springframework.test.context.event.ApplicationEventsTestExecutionListener@548a24a, org.springframework.boot.test.mock.mockito.MockitoTestExecutionListener@433defed, org.springframework.boot.test.autoconfigure.SpringBootDependencyInjectionTestExecutionListener@2a693f59, org.springframework.test.context.support.DirtiesContextTestExecutionListener@3f4faf53, org.springframework.test.context.transaction.TransactionalTestExecutionListener@7fd50002, org.springframework.test.context.jdbc.SqlScriptsTestExecutionListener@533bda92, org.springframework.test.context.event.EventPublishingTestExecutionListener@304bb45b, org.springframework.boot.test.mock.mockito.ResetMocksTestExecutionListener@723ca036, org.springframework.boot.test.autoconfigure.restdocs.RestDocsTestExecutionListener@25be7b63, org.springframework.boot.test.autoconfigure.web.client.MockRestServiceServerResetTestExecutionListener@28dcca0c, org.springframework.boot.test.autoconfigure.web.servlet.MockMvcPrintOnlyOnFailureTestExecutionListener@45d84a20, org.springframework.boot.test.autoconfigure.web.servlet.WebDriverTestExecutionListener@52f27fbd, org.springframework.boot.test.autoconfigure.webservices.client.MockWebServiceServerTestExecutionListener@4c163e3]
19:32:15.470 [main] DEBUG org.springframework.test.context.support.AbstractDirtiesContextTestExecutionListener - Before test class: context [DefaultTestContext@7d900ecf testClass = InsuranceDaoApplicationTests, testInstance = [null], testMethod = [null], testException = [null], mergedContextConfiguration = [WebMergedContextConfiguration@6f01b95f testClass = InsuranceDaoApplicationTests, locations = '{}', classes = '{class com.mybank.dao.insurance.InsuranceDaoApplication}', contextInitializerClasses = '[]', activeProfiles = '{}', propertySourceLocations = '{}', propertySourceProperties = '{org.springframework.boot.test.context.SpringBootTestContextBootstrapper=true}', contextCustomizers = set[org.springframework.boot.test.context.filter.ExcludeFilterContextCustomizer@8f4ea7c, org.springframework.boot.test.json.DuplicateJsonObjectContextCustomizerFactory$DuplicateJsonObjectContextCustomizer@131774fe, org.springframework.boot.test.mock.mockito.MockitoContextCustomizer@0, org.springframework.boot.test.web.client.TestRestTemplateContextCustomizer@7d8995e, org.springframework.boot.test.autoconfigure.actuate.metrics.MetricsExportContextCustomizerFactory$DisableMetricExportContextCustomizer@f6efaab, org.springframework.boot.test.autoconfigure.properties.PropertyMappingContextCustomizer@0, org.springframework.boot.test.autoconfigure.web.servlet.WebDriverContextCustomizerFactory$Customizer@368f2016, org.springframework.boot.test.context.SpringBootTestArgs@1, org.springframework.boot.test.context.SpringBootTestWebEnvironment@4b9e13df], resourceBasePath = 'src/main/webapp', contextLoader = 'org.springframework.boot.test.context.SpringBootContextLoader', parent = [null]], attributes = map['org.springframework.test.context.web.ServletTestExecutionListener.activateListener' -> true]], class annotated with @DirtiesContext [false] with mode [null].

  .   ____          _            __ _ _
 /\\ / ___'_ __ _ _(_)_ __  __ _ \ \ \ \
( ( )\___ | '_ | '_| | '_ \/ _` | \ \ \ \
 \\/  ___)| |_)| | | | | || (_| |  ) ) ) )
  '  |____| .__|_| |_|_| |_\__, | / / / /
 =========|_|==============|___/=/_/_/_/
&amp#27;[32m :: Spring Boot :: &amp#27;[39m             &amp#27;[2m (v2.7.10)&amp#27;[0;39m

&amp#27;[34m[INFO]&amp#27;[0;39m &amp#27;[31m2024-04-14 19:32:17,906&amp#27;[0;39m com.mybank.dao.insurance.InsuranceDaoApplicationTests &amp#27;[33mmain&amp#27;[0;39m &amp#27;[32mStarting InsuranceDaoApplicationTests using Java 1.8.0_292 on WPF45DYX2 with PID 17224 (started by xxnlnnnd in C:\DLTE-JavaFullStack-Divija-2024\DLTE-FinalProject\InsuranceDao)
&amp#27;[0;39m&amp#27;[34m[INFO]&amp#27;[0;39m &amp#27;[31m2024-04-14 19:32:17,906&amp#27;[0;39m com.mybank.dao.insurance.InsuranceDaoApplicationTests &amp#27;[33mmain&amp#27;[0;39m &amp#27;[32mNo active profile set, falling back to 1 default profile: "default"
&amp#27;[0;39m&amp#27;[34m[INFO]&amp#27;[0;39m &amp#27;[31m2024-04-14 19:32:19,498&amp#27;[0;39m org.springframework.context.support.PostProcessorRegistrationDelegate$BeanPostProcessorChecker &amp#27;[33mmain&amp#27;[0;39m &amp#27;[32mBean 'org.springframework.ws.config.annotation.DelegatingWsConfiguration' of type [org.springframework.ws.config.annotation.DelegatingWsConfiguration$$EnhancerBySpringCGLIB$$ba20e417] is not eligible for getting processed by all BeanPostProcessors (for example: not eligible for auto-proxying)
&amp#27;[0;39m&amp#27;[34m[INFO]&amp#27;[0;39m &amp#27;[31m2024-04-14 19:32:19,592&amp#27;[0;39m org.springframework.ws.soap.addressing.server.AnnotationActionEndpointMapping &amp#27;[33mmain&amp#27;[0;39m &amp#27;[32mSupporting [WS-Addressing August 2004, WS-Addressing 1.0]
&amp#27;[0;39m&amp#27;[34m[INFO]&amp#27;[0;39m &amp#27;[31m2024-04-14 19:32:21,377&amp#27;[0;39m com.mybank.dao.insurance.InsuranceDaoApplicationTests &amp#27;[33mmain&amp#27;[0;39m &amp#27;[32mStarted InsuranceDaoApplicationTests in 4.112 seconds (JVM running for 7.189)
&amp#27;[0;39m&amp#27;[34m[WARN]&amp#27;[0;39m &amp#27;[31m2024-04-14 19:32:21,981&amp#27;[0;39m com.mybank.dao.insurance.remotes.InsuranceRepository &amp#27;[33mmain&amp#27;[0;39m &amp#27;[32mRequested data not found
&amp#27;[0;39m]]></system-out>
  </testcase>
  <testcase name="testAllAvailableInsurance" classname="com.mybank.dao.insurance.InsuranceDaoApplicationTests" time="0.016">
    <failure message="expected: &lt;jeevan&gt; but was: &lt;sathi&gt;" type="org.opentest4j.AssertionFailedError"><![CDATA[org.opentest4j.AssertionFailedError: expected: <jeevan> but was: <sathi>
	at com.mybank.dao.insurance.InsuranceDaoApplicationTests.testAllAvailableInsurance(InsuranceDaoApplicationTests.java:63)
]]></failure>
  </testcase>
  <testcase name="testFindByInsuranceCoverage" classname="com.mybank.dao.insurance.InsuranceDaoApplicationTests" time="0.054"/>
  <testcase name="testAllAvailableInsuranceFail" classname="com.mybank.dao.insurance.InsuranceDaoApplicationTests" time="0.004">
    <failure message="expected: &lt;home&gt; but was: &lt;life&gt;" type="org.opentest4j.AssertionFailedError"><![CDATA[org.opentest4j.AssertionFailedError: expected: <home> but was: <life>
	at com.mybank.dao.insurance.InsuranceDaoApplicationTests.testAllAvailableInsuranceFail(InsuranceDaoApplicationTests.java:78)
]]></failure>
  </testcase>
</testsuite>